<?xml version="1.0" encoding="UTF-8"?>
<testsuite name="Third Quadrant (Square: x &lt;= 0, y &lt;= 0)" tests="10" skipped="0" failures="0" errors="0" timestamp="2025-05-22T10:38:57.096Z" hostname="Romans-MacBook-Air.local" time="0.007">
  <properties/>
  <testcase name="[1] -1.1, -0.5, 1" classname="ru.rmntim.web.service.AreaCheckerServiceTest$ThirdQuadrantTests" time="0.001"/>
  <testcase name="[2] -0.5, -1.1, 1" classname="ru.rmntim.web.service.AreaCheckerServiceTest$ThirdQuadrantTests" time="0.0"/>
  <testcase name="[3] -2, -0.5, 1" classname="ru.rmntim.web.service.AreaCheckerServiceTest$ThirdQuadrantTests" time="0.0"/>
  <testcase name="[4] -0.5, -2, 1" classname="ru.rmntim.web.service.AreaCheckerServiceTest$ThirdQuadrantTests" time="0.001"/>
  <testcase name="[1] 0, 0, 1" classname="ru.rmntim.web.service.AreaCheckerServiceTest$ThirdQuadrantTests" time="0.0"/>
  <testcase name="[2] -0.5, -0.5, 1" classname="ru.rmntim.web.service.AreaCheckerServiceTest$ThirdQuadrantTests" time="0.0"/>
  <testcase name="[3] -1, -1, 1" classname="ru.rmntim.web.service.AreaCheckerServiceTest$ThirdQuadrantTests" time="0.0"/>
  <testcase name="[4] -1, 0, 1" classname="ru.rmntim.web.service.AreaCheckerServiceTest$ThirdQuadrantTests" time="0.001"/>
  <testcase name="[5] 0, -1, 1" classname="ru.rmntim.web.service.AreaCheckerServiceTest$ThirdQuadrantTests" time="0.0"/>
  <testcase name="[6] -2, -2, 2" classname="ru.rmntim.web.service.AreaCheckerServiceTest$ThirdQuadrantTests" time="0.0"/>
  <system-out><![CDATA[]]></system-out>
  <system-err><![CDATA[]]></system-err>
</testsuite>
