<?xml version="1.0" encoding="UTF-8"?>
<testsuite name="Fourth Quadrant (Triangle: x &gt;= 0, y &lt;= 0)" tests="10" skipped="0" failures="0" errors="0" timestamp="2025-05-22T10:38:57.078Z" hostname="Romans-MacBook-Air.local" time="0.009">
  <properties/>
  <testcase name="[1] 0, 0, 2" classname="ru.rmntim.web.service.AreaCheckerServiceTest$FourthQuadrantTests" time="0.001"/>
  <testcase name="[2] 1, 0, 2" classname="ru.rmntim.web.service.AreaCheckerServiceTest$FourthQuadrantTests" time="0.001"/>
  <testcase name="[3] 0, -0.5, 2" classname="ru.rmntim.web.service.AreaCheckerServiceTest$FourthQuadrantTests" time="0.001"/>
  <testcase name="[4] 1, -0.2, 2" classname="ru.rmntim.web.service.AreaCheckerServiceTest$FourthQuadrantTests" time="0.0"/>
  <testcase name="[5] 2, 0, 2" classname="ru.rmntim.web.service.AreaCheckerServiceTest$FourthQuadrantTests" time="0.0"/>
  <testcase name="[6] 0, -1, 2" classname="ru.rmntim.web.service.AreaCheckerServiceTest$FourthQuadrantTests" time="0.0"/>
  <testcase name="[7] 1, -0.5, 2" classname="ru.rmntim.web.service.AreaCheckerServiceTest$FourthQuadrantTests" time="0.001"/>
  <testcase name="[1] 1, -1, 2" classname="ru.rmntim.web.service.AreaCheckerServiceTest$FourthQuadrantTests" time="0.0"/>
  <testcase name="[2] 0.5, -0.9, 1" classname="ru.rmntim.web.service.AreaCheckerServiceTest$FourthQuadrantTests" time="0.0"/>
  <testcase name="[3] 3, -0.1, 2" classname="ru.rmntim.web.service.AreaCheckerServiceTest$FourthQuadrantTests" time="0.001"/>
  <system-out><![CDATA[]]></system-out>
  <system-err><![CDATA[]]></system-err>
</testsuite>
