<?xml version="1.0" encoding="UTF-8"?>
<testsuite name="First Quadrant (Quarter Circle: x &gt;= 0, y &gt;= 0)" tests="9" skipped="0" failures="0" errors="0" timestamp="2025-05-22T10:38:57.088Z" hostname="Romans-MacBook-Air.local" time="0.007">
  <properties/>
  <testcase name="[1] 1, 1, 1" classname="ru.rmntim.web.service.AreaCheckerServiceTest$FirstQuadrantTests" time="0.001"/>
  <testcase name="[2] 0.8, 0.8, 1" classname="ru.rmntim.web.service.AreaCheckerServiceTest$FirstQuadrantTests" time="0.0"/>
  <testcase name="[3] 2, 1, 1" classname="ru.rmntim.web.service.AreaCheckerServiceTest$FirstQuadrantTests" time="0.0"/>
  <testcase name="[1] 0, 0, 1" classname="ru.rmntim.web.service.AreaCheckerServiceTest$FirstQuadrantTests" time="0.001"/>
  <testcase name="[2] 0.5, 0.5, 1" classname="ru.rmntim.web.service.AreaCheckerServiceTest$FirstQuadrantTests" time="0.0"/>
  <testcase name="[3] 1, 0, 1" classname="ru.rmntim.web.service.AreaCheckerServiceTest$FirstQuadrantTests" time="0.0"/>
  <testcase name="[4] 0, 1, 1" classname="ru.rmntim.web.service.AreaCheckerServiceTest$FirstQuadrantTests" time="0.001"/>
  <testcase name="[5] 0.707, 0.707, 1" classname="ru.rmntim.web.service.AreaCheckerServiceTest$FirstQuadrantTests" time="0.0"/>
  <testcase name="[6] 2, 0, 2" classname="ru.rmntim.web.service.AreaCheckerServiceTest$FirstQuadrantTests" time="0.0"/>
  <system-out><![CDATA[]]></system-out>
  <system-err><![CDATA[]]></system-err>
</testsuite>
